#
# A fatal error has been detected by the Java Runtime Environment:
#
#  EXCEPTION_ACCESS_VIOLATION (0xc0000005) at pc=0x00000001800087dd, pid=15276, tid=0x0000000000003808
#
# JRE version: Java(TM) SE Runtime Environment (8.0_202-b03) (build 1.8.0_202-ea-b03)
# Java VM: Java HotSpot(TM) 64-Bit Server VM (25.202-b03 mixed mode windows-amd64 compressed oops)
# Problematic frame:
# C  [rxtxSerial.dll+0x87dd]
#
# Failed to write core dump. Minidumps are not enabled by default on client versions of Windows
#
# If you would like to submit a bug report, please visit:
#   http://bugreport.java.com/bugreport/crash.jsp
# The crash happened outside the Java Virtual Machine in native code.
# See problematic frame for where to report the bug.
#

---------------  T H R E A D  ---------------

Current thread (0x000000001f677000):  JavaThread "JavaFX Application Thread" [_thread_in_native, id=14344, stack(0x0000000020460000,0x0000000020560000)]

siginfo: ExceptionCode=0xc0000005, writing address 0x0000000000000100

Registers:
RAX=0x0000000000000000, RBX=0x000000002dd40f10, RCX=0x0000000000000002, RDX=0x0000000000000000
RSP=0x000000002055b870, RBP=0x000000002055bae8, RSI=0x00000000253d2ff9, RDI=0x000000002dd47e10
R8 =0x0000000000000000, R9 =0x0000000000000000, R10=0x0000000000000000, R11=0x0000000000000001
R12=0x000000002055baf0, R13=0x000000002da467b8, R14=0x000000002055baf0, R15=0x000000001f677000
RIP=0x00000001800087dd, EFLAGS=0x0000000000010202

Top of Stack: (sp=0x000000002055b870)
0x000000002055b870:   000000002dd40f10 00000000253d2ff0
0x000000002055b880:   000000001f677000 0000000000000009
0x000000002055b890:   00000000253d2ff0 000000018000aab4
0x000000002055b8a0:   000000001f6771f8 0000000000000106
0x000000002055b8b0:   000000002da467b8 000000002055baf0
0x000000002055b8c0:   000000001f662940 00000000253d2ff0
0x000000002055b8d0:   000000002055bae8 000000018000b7fe
0x000000002055b8e0:   0000000000000008 000000002da467b8
0x000000002055b8f0:   000000001f6771f8 0000000000000000
0x000000002055b900:   000000001f677000 0000000000000000
0x000000002055b910:   0000d5660c8a7f66 000000007fffffdc
0x000000002055b920:   000000002055b9b0 0000000000000042
0x000000002055b930:   000000001f6771f8 0000000000000000
0x000000002055b940:   00000000253d2ff0 000000018000213d
0x000000002055b950:   000000002055bae8 000000018001c0b0
0x000000002055b960:   0000000000000000 0000000180000000 

Instructions: (pc=0x00000001800087dd)
0x00000001800087bd:   00 00 7e 3d 48 8b 87 08 01 00 00 48 89 bb 00 01
0x00000001800087cd:   00 00 48 89 83 08 01 00 00 48 8b 87 08 01 00 00
0x00000001800087dd:   48 89 98 00 01 00 00 48 89 9f 08 01 00 00 48 8b
0x00000001800087ed:   c3 48 8b 5c 24 30 48 8b 74 24 38 48 83 c4 20 5f 


Register to memory mapping:

RAX=0x0000000000000000 is an unknown value
RBX=0x000000002dd40f10 is an unknown value
RCX=0x0000000000000002 is an unknown value
RDX=0x0000000000000000 is an unknown value
RSP=0x000000002055b870 is pointing into the stack for thread: 0x000000001f677000
RBP=0x000000002055bae8 is pointing into the stack for thread: 0x000000001f677000
RSI=0x00000000253d2ff9 is an unknown value
RDI=0x000000002dd47e10 is an unknown value
R8 =0x0000000000000000 is an unknown value
R9 =0x0000000000000000 is an unknown value
R10=0x0000000000000000 is an unknown value
R11=0x0000000000000001 is an unknown value
R12=0x000000002055baf0 is pointing into the stack for thread: 0x000000001f677000
R13=0x000000002da467b8 is pointing into metadata
R14=0x000000002055baf0 is pointing into the stack for thread: 0x000000001f677000
R15=0x000000001f677000 is a thread


Stack: [0x0000000020460000,0x0000000020560000],  sp=0x000000002055b870,  free space=1006k
Native frames: (J=compiled Java code, j=interpreted, Vv=VM code, C=native code)
C  [rxtxSerial.dll+0x87dd]
C  [rxtxSerial.dll+0xaab4]
C  [rxtxSerial.dll+0x213d]
C  0x0000000002f497db

Java frames: (J=compiled Java code, j=interpreted, Vv=VM code)
j  gnu.io.RXTXPort.open(Ljava/lang/String;)I+0
j  gnu.io.RXTXPort.<init>(Ljava/lang/String;)V+125
j  gnu.io.RXTXCommDriver.getCommPort(Ljava/lang/String;I)Lgnu/io/CommPort;+78
j  gnu.io.CommPortIdentifier.open(Ljava/lang/String;I)Lgnu/io/CommPort;+171
j  com.example.demo.rxtx.SerialPortUtil.openSerialPort(Lcom/example/demo/rxtx/SerialPortParameter;I)Lgnu/io/SerialPort;+16
j  com.example.demo.rxtx.SerialPortUtil.openSerialPort(Lcom/example/demo/rxtx/SerialPortParameter;)Lgnu/io/SerialPort;+4
j  com.example.demo.rxtx.SerialPortUtil.openSerialPort(Ljava/lang/String;I)Lgnu/io/SerialPort;+11
j  com.example.demo.view.test.CenterController.start(Ljava/lang/String;I)V+53
j  com.example.demo.view.test.GnssTestView.btOpenPortAction1()V+100
v  ~StubRoutines::call_stub
J 3331  sun.reflect.NativeMethodAccessorImpl.invoke0(Ljava/lang/reflect/Method;Ljava/lang/Object;[Ljava/lang/Object;)Ljava/lang/Object; (0 bytes) @ 0x000000000394743f [0x00000000039473c0+0x7f]
J 3330 C1 sun.reflect.NativeMethodAccessorImpl.invoke(Ljava/lang/Object;[Ljava/lang/Object;)Ljava/lang/Object; (104 bytes) @ 0x0000000003948abc [0x00000000039478c0+0x11fc]
J 4843 C2 java.lang.reflect.Method.invoke(Ljava/lang/Object;[Ljava/lang/Object;)Ljava/lang/Object; (62 bytes) @ 0x0000000003d0a6c8 [0x0000000003d0a620+0xa8]
J 5049 C1 sun.reflect.GeneratedMethodAccessor3.invoke(Ljava/lang/Object;[Ljava/lang/Object;)Ljava/lang/Object; (65 bytes) @ 0x000000000364c184 [0x000000000364bdc0+0x3c4]
J 4843 C2 java.lang.reflect.Method.invoke(Ljava/lang/Object;[Ljava/lang/Object;)Ljava/lang/Object; (62 bytes) @ 0x0000000003d0a6c8 [0x0000000003d0a620+0xa8]
J 5045 C1 sun.reflect.misc.MethodUtil.invoke(Ljava/lang/reflect/Method;Ljava/lang/Object;[Ljava/lang/Object;)Ljava/lang/Object; (111 bytes) @ 0x000000000364e58c [0x000000000364e0c0+0x4cc]
j  javafx.fxml.FXMLLoader$MethodHandler.invoke([Ljava/lang/Object;)V+38
j  javafx.fxml.FXMLLoader$ControllerMethodEventHandler.handle(Ljavafx/event/Event;)V+12
J 5289 C2 com.sun.javafx.event.EventHandlerManager.dispatchBubblingEvent(Ljavafx/event/Event;)Ljavafx/event/Event; (23 bytes) @ 0x0000000003e68eb4 [0x0000000003e67820+0x1694]
J 5907 C2 com.sun.javafx.event.CompositeEventDispatcher.dispatchBubblingEvent(Ljavafx/event/Event;)Ljavafx/event/Event; (35 bytes) @ 0x000000000402354c [0x00000000040234e0+0x6c]
J 5283 C2 com.sun.javafx.event.BasicEventDispatcher.dispatchEvent(Ljavafx/event/Event;Ljavafx/event/EventDispatchChain;)Ljavafx/event/Event; (44 bytes) @ 0x0000000003e45590 [0x0000000003e45460+0x130]
J 5283 C2 com.sun.javafx.event.BasicEventDispatcher.dispatchEvent(Ljavafx/event/Event;Ljavafx/event/EventDispatchChain;)Ljavafx/event/Event; (44 bytes) @ 0x0000000003e4554c [0x0000000003e45460+0xec]
J 5283 C2 com.sun.javafx.event.BasicEventDispatcher.dispatchEvent(Ljavafx/event/Event;Ljavafx/event/EventDispatchChain;)Ljavafx/event/Event; (44 bytes) @ 0x0000000003e4554c [0x0000000003e45460+0xec]
J 5283 C2 com.sun.javafx.event.BasicEventDispatcher.dispatchEvent(Ljavafx/event/Event;Ljavafx/event/EventDispatchChain;)Ljavafx/event/Event; (44 bytes) @ 0x0000000003e4554c [0x0000000003e45460+0xec]
J 5283 C2 com.sun.javafx.event.BasicEventDispatcher.dispatchEvent(Ljavafx/event/Event;Ljavafx/event/EventDispatchChain;)Ljavafx/event/Event; (44 bytes) @ 0x0000000003e4554c [0x0000000003e45460+0xec]
J 5283 C2 com.sun.javafx.event.BasicEventDispatcher.dispatchEvent(Ljavafx/event/Event;Ljavafx/event/EventDispatchChain;)Ljavafx/event/Event; (44 bytes) @ 0x0000000003e4554c [0x0000000003e45460+0xec]
J 4889 C2 com.sun.javafx.event.EventDispatchChainImpl.dispatchEvent(Ljavafx/event/Event;)Ljavafx/event/Event; (101 bytes) @ 0x0000000003d52494 [0x0000000003d523e0+0xb4]
J 4606 C1 com.sun.javafx.event.EventUtil.fireEvent(Ljavafx/event/EventTarget;Ljavafx/event/Event;)Ljavafx/event/Event; (81 bytes) @ 0x0000000003293684 [0x0000000003292ac0+0xbc4]
J 4751 C1 javafx.event.Event.fireEvent(Ljavafx/event/EventTarget;Ljavafx/event/Event;)V (35 bytes) @ 0x0000000003ccff6c [0x0000000003ccfea0+0xcc]
j  javafx.scene.Node.fireEvent(Ljavafx/event/Event;)V+86
j  javafx.scene.control.Button.fire()V+15
j  com.sun.javafx.scene.control.behavior.ButtonBehavior.mouseReleased(Ljavafx/scene/input/MouseEvent;)V+23
J 5828 C1 com.sun.javafx.scene.control.skin.BehaviorSkinBase$1.handle(Ljavafx/scene/input/MouseEvent;)V (121 bytes) @ 0x0000000003ff6d84 [0x0000000003ff6960+0x424]
J 5827 C1 com.sun.javafx.scene.control.skin.BehaviorSkinBase$1.handle(Ljavafx/event/Event;)V (9 bytes) @ 0x0000000003538b2c [0x00000000035389c0+0x16c]
J 5289 C2 com.sun.javafx.event.EventHandlerManager.dispatchBubblingEvent(Ljavafx/event/Event;)Ljavafx/event/Event; (23 bytes) @ 0x0000000003e68100 [0x0000000003e67820+0x8e0]
J 5907 C2 com.sun.javafx.event.CompositeEventDispatcher.dispatchBubblingEvent(Ljavafx/event/Event;)Ljavafx/event/Event; (35 bytes) @ 0x000000000402354c [0x00000000040234e0+0x6c]
J 5283 C2 com.sun.javafx.event.BasicEventDispatcher.dispatchEvent(Ljavafx/event/Event;Ljavafx/event/EventDispatchChain;)Ljavafx/event/Event; (44 bytes) @ 0x0000000003e45590 [0x0000000003e45460+0x130]
J 5283 C2 com.sun.javafx.event.BasicEventDispatcher.dispatchEvent(Ljavafx/event/Event;Ljavafx/event/EventDispatchChain;)Ljavafx/event/Event; (44 bytes) @ 0x0000000003e4554c [0x0000000003e45460+0xec]
J 5283 C2 com.sun.javafx.event.BasicEventDispatcher.dispatchEvent(Ljavafx/event/Event;Ljavafx/event/EventDispatchChain;)Ljavafx/event/Event; (44 bytes) @ 0x0000000003e4554c [0x0000000003e45460+0xec]
J 5283 C2 com.sun.javafx.event.BasicEventDispatcher.dispatchEvent(Ljavafx/event/Event;Ljavafx/event/EventDispatchChain;)Ljavafx/event/Event; (44 bytes) @ 0x0000000003e4554c [0x0000000003e45460+0xec]
J 5283 C2 com.sun.javafx.event.BasicEventDispatcher.dispatchEvent(Ljavafx/event/Event;Ljavafx/event/EventDispatchChain;)Ljavafx/event/Event; (44 bytes) @ 0x0000000003e4554c [0x0000000003e45460+0xec]
J 5283 C2 com.sun.javafx.event.BasicEventDispatcher.dispatchEvent(Ljavafx/event/Event;Ljavafx/event/EventDispatchChain;)Ljavafx/event/Event; (44 bytes) @ 0x0000000003e4554c [0x0000000003e45460+0xec]
J 4889 C2 com.sun.javafx.event.EventDispatchChainImpl.dispatchEvent(Ljavafx/event/Event;)Ljavafx/event/Event; (101 bytes) @ 0x0000000003d52494 [0x0000000003d523e0+0xb4]
J 4606 C1 com.sun.javafx.event.EventUtil.fireEvent(Ljavafx/event/EventTarget;Ljavafx/event/Event;)Ljavafx/event/Event; (81 bytes) @ 0x00000000032931f4 [0x0000000003292ac0+0x734]
J 3298 C1 javafx.scene.Scene$MouseHandler.process(Ljavafx/scene/input/MouseEvent;Z)V (735 bytes) @ 0x000000000392e1dc [0x000000000392b6a0+0x2b3c]
J 4898 C1 javafx.scene.Scene$ScenePeerListener.mouseEvent(Ljavafx/event/EventType;DDDDLjavafx/scene/input/MouseButton;ZZZZZZZZZ)V (50 bytes) @ 0x0000000003d55e2c [0x0000000003d55b60+0x2cc]
J 4788 C1 com.sun.javafx.tk.quantum.GlassViewEventHandler$MouseEventNotification.run()Ljava/lang/Void; (624 bytes) @ 0x0000000003cf5ce4 [0x0000000003cf4c40+0x10a4]
J 4895 C1 com.sun.javafx.tk.quantum.GlassViewEventHandler$MouseEventNotification.run()Ljava/lang/Object; (5 bytes) @ 0x0000000003d56dcc [0x0000000003d56d40+0x8c]
v  ~StubRoutines::call_stub
J 1960  java.security.AccessController.doPrivileged(Ljava/security/PrivilegedAction;Ljava/security/AccessControlContext;)Ljava/lang/Object; (0 bytes) @ 0x00000000035316a6 [0x0000000003531640+0x66]
J 4787 C1 com.sun.javafx.tk.quantum.GlassViewEventHandler$$Lambda$180.get()Ljava/lang/Object; (8 bytes) @ 0x0000000003cf390c [0x0000000003cf3720+0x1ec]
J 3350 C1 com.sun.javafx.tk.quantum.QuantumToolkit.runWithoutRenderLock(Ljava/util/function/Supplier;)Ljava/lang/Object; (49 bytes) @ 0x000000000395b6e4 [0x000000000395b1a0+0x544]
J 4784 C1 com.sun.javafx.tk.quantum.GlassViewEventHandler.handleMouseEvent(Lcom/sun/glass/ui/View;JIIIIIIIZZ)V (108 bytes) @ 0x0000000003cf43e4 [0x0000000003cf3fc0+0x424]
J 4582 C1 com.sun.glass.ui.View.notifyMouse(IIIIIIIZZ)V (221 bytes) @ 0x0000000003208d9c [0x0000000003207d20+0x107c]
v  ~StubRoutines::call_stub
j  com.sun.glass.ui.win.WinApplication._runLoop(Ljava/lang/Runnable;)V+0
j  com.sun.glass.ui.win.WinApplication.lambda$null$152(ILjava/lang/Runnable;)V+8
j  com.sun.glass.ui.win.WinApplication$$Lambda$39.run()V+12
j  java.lang.Thread.run()V+11
v  ~StubRoutines::call_stub

---------------  P R O C E S S  ---------------

Java Threads: ( => current thread )
  0x0000000025f6a800 JavaThread "kotlinx.coroutines.DefaultExecutor" daemon [_thread_blocked, id=2560, stack(0x0000000031d80000,0x0000000031e80000)]
  0x0000000025f69800 JavaThread "DefaultDispatcher-worker-3" daemon [_thread_blocked, id=15512, stack(0x00000000347c0000,0x00000000348c0000)]
  0x0000000025f69000 JavaThread "DefaultDispatcher-worker-2" daemon [_thread_blocked, id=1300, stack(0x00000000344c0000,0x00000000345c0000)]
  0x0000000025f67800 JavaThread "DefaultDispatcher-worker-1" daemon [_thread_blocked, id=4584, stack(0x0000000033110000,0x0000000033210000)]
  0x0000000025b50800 JavaThread "Thread-7" daemon [_thread_in_native, id=11368, stack(0x000000002f5e0000,0x000000002f6e0000)]
  0x000000002537e000 JavaThread "Thread-5" [_thread_in_native, id=2956, stack(0x000000002d6b0000,0x000000002d7b0000)]
  0x000000001f8f9000 JavaThread "Prism Font Disposer" daemon [_thread_blocked, id=13660, stack(0x00000000292f0000,0x00000000293f0000)]
  0x000000001f6b8800 JavaThread "Thread-3" daemon [_thread_in_native, id=12240, stack(0x0000000024c40000,0x0000000024d40000)]
=>0x000000001f677000 JavaThread "JavaFX Application Thread" [_thread_in_native, id=14344, stack(0x0000000020460000,0x0000000020560000)]
  0x000000001f672000 JavaThread "Thread-2" daemon [_thread_blocked, id=6352, stack(0x0000000020360000,0x0000000020460000)]
  0x000000001f647000 JavaThread "QuantumRenderer-0" daemon [_thread_blocked, id=6288, stack(0x000000001ffe0000,0x00000000200e0000)]
  0x000000001f61c800 JavaThread "JavaFX-Launcher" [_thread_blocked, id=10208, stack(0x000000001fc80000,0x000000001fd80000)]
  0x000000001e91a000 JavaThread "Service Thread" daemon [_thread_blocked, id=9440, stack(0x000000001f280000,0x000000001f380000)]
  0x000000001e919800 JavaThread "C1 CompilerThread3" daemon [_thread_blocked, id=1648, stack(0x000000001f180000,0x000000001f280000)]
  0x000000001e940000 JavaThread "C2 CompilerThread2" daemon [_thread_blocked, id=12600, stack(0x000000001f080000,0x000000001f180000)]
  0x000000001e93f000 JavaThread "C2 CompilerThread1" daemon [_thread_blocked, id=5828, stack(0x000000001ef80000,0x000000001f080000)]
  0x000000001e94c000 JavaThread "C2 CompilerThread0" daemon [_thread_blocked, id=2064, stack(0x000000001ee80000,0x000000001ef80000)]
  0x000000001e6b8000 JavaThread "Attach Listener" daemon [_thread_blocked, id=11020, stack(0x000000001ed80000,0x000000001ee80000)]
  0x000000001e6b7000 JavaThread "Signal Dispatcher" daemon [_thread_blocked, id=2632, stack(0x000000001ec80000,0x000000001ed80000)]
  0x0000000002f2a000 JavaThread "Finalizer" daemon [_thread_blocked, id=8168, stack(0x000000001eb80000,0x000000001ec80000)]
  0x000000001e6a0800 JavaThread "Reference Handler" daemon [_thread_blocked, id=2324, stack(0x000000001ea80000,0x000000001eb80000)]
  0x0000000002e33800 JavaThread "main" [_thread_blocked, id=13192, stack(0x0000000002b60000,0x0000000002c60000)]

Other Threads:
  0x000000001c8a9000 VMThread [stack: 0x000000001e580000,0x000000001e680000] [id=9380]
  0x000000001e940800 WatcherThread [stack: 0x000000001fb80000,0x000000001fc80000] [id=652]

VM state:not at safepoint (normal execution)

VM Mutex/Monitor currently owned by a thread: None

heap address: 0x00000006c2c00000, size: 4052 MB, Compressed Oops mode: Zero based, Oop shift amount: 3
Narrow klass base: 0x0000000000000000, Narrow klass shift: 3
Compressed class space size: 1073741824 Address: 0x00000007c0000000

Heap:
 PSYoungGen      total 94720K, used 33227K [0x000000076b980000, 0x0000000772400000, 0x00000007c0000000)
  eden space 81408K, 33% used [0x000000076b980000,0x000000076d407de8,0x0000000770900000)
  from space 13312K, 45% used [0x0000000771700000,0x0000000771ceb1f0,0x0000000772400000)
  to   space 13824K, 0% used [0x0000000770900000,0x0000000770900000,0x0000000771680000)
 ParOldGen       total 197120K, used 16315K [0x00000006c2c00000, 0x00000006cec80000, 0x000000076b980000)
  object space 197120K, 8% used [0x00000006c2c00000,0x00000006c3beefd0,0x00000006cec80000)
 Metaspace       used 41323K, capacity 43154K, committed 43264K, reserved 1087488K
  class space    used 5298K, capacity 5616K, committed 5632K, reserved 1048576K

Card table byte_map: [0x00000000122f0000,0x0000000012ae0000] byte_map_base: 0x000000000ecda000

Marking Bits: (ParMarkBitMap*) 0x00000000553cec10
 Begin Bits: [0x0000000013830000, 0x0000000017780000)
 End Bits:   [0x0000000017780000, 0x000000001b6d0000)

Polling page: 0x00000000010d0000

CodeCache: size=245760Kb used=18238Kb max_used=18240Kb free=227521Kb
 bounds [0x0000000002f30000, 0x0000000004120000, 0x0000000011f30000]
 total_blobs=6130 nmethods=5262 adapters=779
 compilation: enabled

Compilation events (10 events):
Event: 586.431 Thread 0x000000001e919800 nmethod 6145 0x000000000372fad0 code [0x000000000372fd00, 0x00000000037307c8]
Event: 586.431 Thread 0x000000001e919800 6144       3       java.lang.Math::round (56 bytes)
Event: 586.432 Thread 0x000000001e919800 nmethod 6144 0x000000000389d190 code [0x000000000389d300, 0x000000000389d530]
Event: 586.433 Thread 0x000000001e94c000 nmethod 6146 0x0000000004119050 code [0x00000000041191a0, 0x00000000041192d8]
Event: 587.633 Thread 0x000000001e919800 6147       3       javafx.scene.Node::setFocused (23 bytes)
Event: 587.635 Thread 0x000000001e919800 nmethod 6147 0x0000000004119c90 code [0x0000000004119e60, 0x000000000411a7d8]
Event: 587.635 Thread 0x000000001e919800 6148       1       javafx.scene.Scene::access$2000 (5 bytes)
Event: 587.635 Thread 0x000000001e919800 nmethod 6148 0x00000000040b23d0 code [0x00000000040b2520, 0x00000000040b2610]
Event: 587.635 Thread 0x000000001e919800 6149       3       javafx.scene.layout.Region::positionInArea (74 bytes)
Event: 587.637 Thread 0x000000001e919800 nmethod 6149 0x00000000037c8d10 code [0x00000000037c8f00, 0x00000000037c9908]

GC Heap History (10 events):
Event: 3.598 GC heap before
{Heap before GC invocations=4 (full 1):
 PSYoungGen      total 75776K, used 64465K [0x000000076b980000, 0x0000000770e00000, 0x00000007c0000000)
  eden space 65024K, 99% used [0x000000076b980000,0x000000076f8745d8,0x000000076f900000)
  from space 10752K, 0% used [0x0000000770380000,0x0000000770380000,0x0000000770e00000)
  to   space 10752K, 0% used [0x000000076f900000,0x000000076f900000,0x0000000770380000)
 ParOldGen       total 116736K, used 8952K [0x00000006c2c00000, 0x00000006c9e00000, 0x000000076b980000)
  object space 116736K, 7% used [0x00000006c2c00000,0x00000006c34be198,0x00000006c9e00000)
 Metaspace       used 29596K, capacity 30974K, committed 31232K, reserved 1077248K
  class space    used 3961K, capacity 4248K, committed 4352K, reserved 1048576K
Event: 3.604 GC heap after
Heap after GC invocations=4 (full 1):
 PSYoungGen      total 75776K, used 10742K [0x000000076b980000, 0x0000000772300000, 0x00000007c0000000)
  eden space 65024K, 0% used [0x000000076b980000,0x000000076b980000,0x000000076f900000)
  from space 10752K, 99% used [0x000000076f900000,0x000000077037d808,0x0000000770380000)
  to   space 10752K, 0% used [0x0000000771880000,0x0000000771880000,0x0000000772300000)
 ParOldGen       total 116736K, used 9337K [0x00000006c2c00000, 0x00000006c9e00000, 0x000000076b980000)
  object space 116736K, 7% used [0x00000006c2c00000,0x00000006c351e5e0,0x00000006c9e00000)
 Metaspace       used 29596K, capacity 30974K, committed 31232K, reserved 1077248K
  class space    used 3961K, capacity 4248K, committed 4352K, reserved 1048576K
}
Event: 11.447 GC heap before
{Heap before GC invocations=5 (full 1):
 PSYoungGen      total 75776K, used 40403K [0x000000076b980000, 0x0000000772300000, 0x00000007c0000000)
  eden space 65024K, 45% used [0x000000076b980000,0x000000076d677650,0x000000076f900000)
  from space 10752K, 99% used [0x000000076f900000,0x000000077037d808,0x0000000770380000)
  to   space 10752K, 0% used [0x0000000771880000,0x0000000771880000,0x0000000772300000)
 ParOldGen       total 116736K, used 9337K [0x00000006c2c00000, 0x00000006c9e00000, 0x000000076b980000)
  object space 116736K, 7% used [0x00000006c2c00000,0x00000006c351e5e0,0x00000006c9e00000)
 Metaspace       used 33923K, capacity 35414K, committed 35496K, reserved 1079296K
  class space    used 4527K, capacity 4824K, committed 4864K, reserved 1048576K
Event: 11.453 GC heap after
Heap after GC invocations=5 (full 1):
 PSYoungGen      total 94208K, used 10738K [0x000000076b980000, 0x0000000772300000, 0x00000007c0000000)
  eden space 83456K, 0% used [0x000000076b980000,0x000000076b980000,0x0000000770b00000)
  from space 10752K, 99% used [0x0000000771880000,0x00000007722fca20,0x0000000772300000)
  to   space 10752K, 0% used [0x0000000770e00000,0x0000000770e00000,0x0000000771880000)
 ParOldGen       total 116736K, used 11034K [0x00000006c2c00000, 0x00000006c9e00000, 0x000000076b980000)
  object space 116736K, 9% used [0x00000006c2c00000,0x00000006c36c6a48,0x00000006c9e00000)
 Metaspace       used 33923K, capacity 35414K, committed 35496K, reserved 1079296K
  class space    used 4527K, capacity 4824K, committed 4864K, reserved 1048576K
}
Event: 11.453 GC heap before
{Heap before GC invocations=6 (full 2):
 PSYoungGen      total 94208K, used 10738K [0x000000076b980000, 0x0000000772300000, 0x00000007c0000000)
  eden space 83456K, 0% used [0x000000076b980000,0x000000076b980000,0x0000000770b00000)
  from space 10752K, 99% used [0x0000000771880000,0x00000007722fca20,0x0000000772300000)
  to   space 10752K, 0% used [0x0000000770e00000,0x0000000770e00000,0x0000000771880000)
 ParOldGen       total 116736K, used 11034K [0x00000006c2c00000, 0x00000006c9e00000, 0x000000076b980000)
  object space 116736K, 9% used [0x00000006c2c00000,0x00000006c36c6a48,0x00000006c9e00000)
 Metaspace       used 33923K, capacity 35414K, committed 35496K, reserved 1079296K
  class space    used 4527K, capacity 4824K, committed 4864K, reserved 1048576K
Event: 11.509 GC heap after
Heap after GC invocations=6 (full 2):
 PSYoungGen      total 94208K, used 0K [0x000000076b980000, 0x0000000772300000, 0x00000007c0000000)
  eden space 83456K, 0% used [0x000000076b980000,0x000000076b980000,0x0000000770b00000)
  from space 10752K, 0% used [0x0000000771880000,0x0000000771880000,0x0000000772300000)
  to   space 10752K, 0% used [0x0000000770e00000,0x0000000770e00000,0x0000000771880000)
 ParOldGen       total 197120K, used 16299K [0x00000006c2c00000, 0x00000006cec80000, 0x000000076b980000)
  object space 197120K, 8% used [0x00000006c2c00000,0x00000006c3beafd0,0x00000006cec80000)
 Metaspace       used 33923K, capacity 35414K, committed 35496K, reserved 1079296K
  class space    used 4527K, capacity 4824K, committed 4864K, reserved 1048576K
}
Event: 114.941 GC heap before
{Heap before GC invocations=7 (full 2):
 PSYoungGen      total 94208K, used 83456K [0x000000076b980000, 0x0000000772300000, 0x00000007c0000000)
  eden space 83456K, 100% used [0x000000076b980000,0x0000000770b00000,0x0000000770b00000)
  from space 10752K, 0% used [0x0000000771880000,0x0000000771880000,0x0000000772300000)
  to   space 10752K, 0% used [0x0000000770e00000,0x0000000770e00000,0x0000000771880000)
 ParOldGen       total 197120K, used 16299K [0x00000006c2c00000, 0x00000006cec80000, 0x000000076b980000)
  object space 197120K, 8% used [0x00000006c2c00000,0x00000006c3beafd0,0x00000006cec80000)
 Metaspace       used 40486K, capacity 42236K, committed 42496K, reserved 1085440K
  class space    used 5251K, capacity 5577K, committed 5632K, reserved 1048576K
Event: 114.958 GC heap after
Heap after GC invocations=7 (full 2):
 PSYoungGen      total 91136K, used 8403K [0x000000076b980000, 0x0000000772400000, 0x00000007c0000000)
  eden space 82432K, 0% used [0x000000076b980000,0x000000076b980000,0x0000000770a00000)
  from space 8704K, 96% used [0x0000000770e00000,0x0000000771634cb0,0x0000000771680000)
  to   space 13312K, 0% used [0x0000000771700000,0x0000000771700000,0x0000000772400000)
 ParOldGen       total 197120K, used 16307K [0x00000006c2c00000, 0x00000006cec80000, 0x000000076b980000)
  object space 197120K, 8% used [0x00000006c2c00000,0x00000006c3becfd0,0x00000006cec80000)
 Metaspace       used 40486K, capacity 42236K, committed 42496K, reserved 1085440K
  class space    used 5251K, capacity 5577K, committed 5632K, reserved 1048576K
}
Event: 431.998 GC heap before
{Heap before GC invocations=8 (full 2):
 PSYoungGen      total 91136K, used 90835K [0x000000076b980000, 0x0000000772400000, 0x00000007c0000000)
  eden space 82432K, 100% used [0x000000076b980000,0x0000000770a00000,0x0000000770a00000)
  from space 8704K, 96% used [0x0000000770e00000,0x0000000771634cb0,0x0000000771680000)
  to   space 13312K, 0% used [0x0000000771700000,0x0000000771700000,0x0000000772400000)
 ParOldGen       total 197120K, used 16307K [0x00000006c2c00000, 0x00000006cec80000, 0x000000076b980000)
  object space 197120K, 8% used [0x00000006c2c00000,0x00000006c3becfd0,0x00000006cec80000)
 Metaspace       used 41295K, capacity 43090K, committed 43264K, reserved 1087488K
  class space    used 5297K, capacity 5616K, committed 5632K, reserved 1048576K
Event: 432.001 GC heap after
Heap after GC invocations=8 (full 2):
 PSYoungGen      total 94720K, used 6060K [0x000000076b980000, 0x0000000772400000, 0x00000007c0000000)
  eden space 81408K, 0% used [0x000000076b980000,0x000000076b980000,0x0000000770900000)
  from space 13312K, 45% used [0x0000000771700000,0x0000000771ceb1f0,0x0000000772400000)
  to   space 13824K, 0% used [0x0000000770900000,0x0000000770900000,0x0000000771680000)
 ParOldGen       total 197120K, used 16315K [0x00000006c2c00000, 0x00000006cec80000, 0x000000076b980000)
  object space 197120K, 8% used [0x00000006c2c00000,0x00000006c3beefd0,0x00000006cec80000)
 Metaspace       used 41295K, capacity 43090K, committed 43264K, reserved 1087488K
  class space    used 5297K, capacity 5616K, committed 5632K, reserved 1048576K
}

Deoptimization events (10 events):
Event: 383.357 Thread 0x000000001f647000 Uncommon trap: reason=bimorphic action=maybe_recompile pc=0x0000000003239824 method=com.sun.javafx.sg.prism.NGNode.markCullRegions(Lcom/sun/javafx/geom/DirtyRegionContainer;ILcom/sun/javafx/geom/transform/BaseTransform;Lcom/sun/javafx/geom/transform/Gener
Event: 383.884 Thread 0x000000001f647000 Uncommon trap: reason=bimorphic action=maybe_recompile pc=0x0000000003cfe2f0 method=com.sun.javafx.sg.prism.NGNode.getContentBounds(Lcom/sun/javafx/geom/BaseBounds;Lcom/sun/javafx/geom/transform/BaseTransform;)Lcom/sun/javafx/geom/BaseBounds; @ 17
Event: 384.412 Thread 0x000000001f647000 Uncommon trap: reason=bimorphic action=maybe_recompile pc=0x0000000003cfe2f0 method=com.sun.javafx.sg.prism.NGNode.getContentBounds(Lcom/sun/javafx/geom/BaseBounds;Lcom/sun/javafx/geom/transform/BaseTransform;)Lcom/sun/javafx/geom/BaseBounds; @ 17
Event: 384.909 Thread 0x000000001f647000 Uncommon trap: reason=bimorphic action=maybe_recompile pc=0x0000000003cfe2f0 method=com.sun.javafx.sg.prism.NGNode.getContentBounds(Lcom/sun/javafx/geom/BaseBounds;Lcom/sun/javafx/geom/transform/BaseTransform;)Lcom/sun/javafx/geom/BaseBounds; @ 17
Event: 429.534 Thread 0x000000001f647000 Uncommon trap: reason=intrinsic action=make_not_entrant pc=0x00000000040cacc4 method=com.sun.prism.impl.ps.BaseShaderGraphics.drawString(Lcom/sun/javafx/scene/text/GlyphList;Lcom/sun/javafx/font/FontStrike;FFLcom/sun/prism/paint/Color;II)V @ 546
Event: 433.981 Thread 0x000000001f647000 Uncommon trap: reason=null_check action=make_not_entrant pc=0x0000000003999998 method=com.sun.prism.impl.BaseResourcePool$WeakLinkedList.getResource()Lcom/sun/prism/impl/ManagedResource; @ 7
Event: 448.452 Thread 0x000000001f647000 Uncommon trap: reason=intrinsic action=make_not_entrant pc=0x00000000040e2418 method=com.sun.prism.impl.ps.BaseShaderGraphics.drawString(Lcom/sun/javafx/scene/text/GlyphList;Lcom/sun/javafx/font/FontStrike;FFLcom/sun/prism/paint/Color;II)V @ 559
Event: 449.060 Thread 0x000000001f647000 Uncommon trap: reason=intrinsic action=make_not_entrant pc=0x00000000040f2b10 method=com.sun.prism.impl.ps.BaseShaderGraphics.drawString(Lcom/sun/javafx/scene/text/GlyphList;Lcom/sun/javafx/font/FontStrike;FFLcom/sun/prism/paint/Color;II)V @ 572
Event: 585.661 Thread 0x000000001f647000 Uncommon trap: reason=unstable_if action=reinterpret pc=0x0000000003141d24 method=java.lang.Math.round(F)I @ 36
Event: 585.661 Thread 0x000000001f647000 Uncommon trap: reason=unstable_if action=reinterpret pc=0x00000000038e6084 method=java.lang.Math.round(F)I @ 36

Classes redefined (0 events):
No events

Internal exceptions (10 events):
Event: 11.966 Thread 0x0000000025f69000 Exception <a 'java/lang/ClassCastException': javax.json.JsonValueImpl cannot be cast to javax.json.JsonObject> (0x000000076df7ab58) thrown at [C:\re\workspace\8-2-build-windows-amd64-cygwin\jdk8u202\12079.nc\hotspot\src\share\vm\interpreter\interpreterRun
Event: 17.325 Thread 0x000000001f677000 Implicit null exception at 0x000000000393f459 to 0x000000000393fe9d
Event: 17.325 Thread 0x000000001f677000 Implicit null exception at 0x0000000003785b4e to 0x0000000003785bb1
Event: 22.428 Thread 0x000000001f677000 Implicit null exception at 0x00000000034043c2 to 0x0000000003406601
Event: 54.244 Thread 0x0000000025c9a000 Exception <a 'java/net/SocketException': Software caused connection abort: connect> (0x000000076d7cdbc0) thrown at [C:\re\workspace\8-2-build-windows-amd64-cygwin\jdk8u202\12079.nc\hotspot\src\share\vm\prims\jni.cpp, line 736]
Event: 59.625 Thread 0x0000000025f69000 Exception <a 'java/lang/ClassCastException': javax.json.JsonValueImpl cannot be cast to javax.json.JsonObject> (0x000000076f7f0380) thrown at [C:\re\workspace\8-2-build-windows-amd64-cygwin\jdk8u202\12079.nc\hotspot\src\share\vm\interpreter\interpreterRun
Event: 136.110 Thread 0x0000000025f69800 Exception <a 'java/lang/ClassCastException': javax.json.JsonValueImpl cannot be cast to javax.json.JsonObject> (0x000000076c041030) thrown at [C:\re\workspace\8-2-build-windows-amd64-cygwin\jdk8u202\12079.nc\hotspot\src\share\vm\interpreter\interpreterRun
Event: 203.707 Thread 0x0000000025f6b000 Exception <a 'java/net/ConnectException': Connection timed out: connect> (0x000000076c01c2b0) thrown at [C:\re\workspace\8-2-build-windows-amd64-cygwin\jdk8u202\12079.nc\hotspot\src\share\vm\prims\jni.cpp, line 736]
Event: 383.182 Thread 0x000000001f677000 Implicit null exception at 0x0000000004077157 to 0x0000000004078b59
Event: 433.981 Thread 0x000000001f647000 Implicit null exception at 0x0000000003999955 to 0x000000000399998d

Events (10 events):
Event: 515.270 Thread 0x000000001e93f000 flushing nmethod 0x00000000038da090
Event: 524.143 Thread 0x000000001e94c000 flushing nmethod 0x00000000039f4c90
Event: 524.240 Thread 0x000000001e940000 flushing nmethod 0x0000000003a4d650
Event: 524.369 Thread 0x000000001e94c000 flushing nmethod 0x0000000003d0bcd0
Event: 585.661 Thread 0x000000001f647000 Uncommon trap: trap_request=0xffffff65 fr.pc=0x0000000003141d24
Event: 585.661 Thread 0x000000001f647000 DEOPT PACKING pc=0x0000000003141d24 sp=0x00000000200dd990
Event: 585.661 Thread 0x000000001f647000 DEOPT UNPACKING pc=0x0000000002f7583b sp=0x00000000200dd840 mode 2
Event: 585.661 Thread 0x000000001f647000 Uncommon trap: trap_request=0xffffff65 fr.pc=0x00000000038e6084
Event: 585.661 Thread 0x000000001f647000 DEOPT PACKING pc=0x00000000038e6084 sp=0x00000000200dd8a0
Event: 585.661 Thread 0x000000001f647000 DEOPT UNPACKING pc=0x0000000002f7583b sp=0x00000000200dd828 mode 2


Dynamic libraries:
0x00007ff780730000 - 0x00007ff780767000 	D:\jdk\bin\java.exe
0x00007fff04450000 - 0x00007fff04646000 	C:\windows\SYSTEM32\ntdll.dll
0x00007fff033d0000 - 0x00007fff0348d000 	C:\windows\System32\KERNEL32.DLL
0x00007fff01c40000 - 0x00007fff01f09000 	C:\windows\System32\KERNELBASE.dll
0x00007fff026b0000 - 0x00007fff0275c000 	C:\windows\System32\ADVAPI32.dll
0x00007fff03020000 - 0x00007fff030be000 	C:\windows\System32\msvcrt.dll
0x00007fff03260000 - 0x00007fff032fc000 	C:\windows\System32\sechost.dll
0x00007fff036d0000 - 0x00007fff037fb000 	C:\windows\System32\RPCRT4.dll
0x00007fff030c0000 - 0x00007fff03260000 	C:\windows\System32\USER32.dll
0x00007fff01f10000 - 0x00007fff01f32000 	C:\windows\System32\win32u.dll
0x00007fff04250000 - 0x00007fff0427a000 	C:\windows\System32\GDI32.dll
0x00007fff01f40000 - 0x00007fff02049000 	C:\windows\System32\gdi32full.dll
0x00007fff02360000 - 0x00007fff023fd000 	C:\windows\System32\msvcp_win.dll
0x00007fff020d0000 - 0x00007fff021d0000 	C:\windows\System32\ucrtbase.dll
0x00007ffee7ed0000 - 0x00007ffee816b000 	C:\windows\WinSxS\amd64_microsoft.windows.common-controls_6595b64144ccf1df_6.0.19041.488_none_ca04af081b815d21\COMCTL32.dll
0x00007fff03800000 - 0x00007fff03830000 	C:\windows\System32\IMM32.DLL
0x0000000055450000 - 0x0000000055522000 	D:\jdk\jre\bin\msvcr100.dll
0x0000000054bb0000 - 0x000000005544e000 	D:\jdk\jre\bin\server\jvm.dll
0x00007fff03520000 - 0x00007fff03528000 	C:\windows\System32\PSAPI.DLL
0x00007ffee5c10000 - 0x00007ffee5c37000 	C:\windows\SYSTEM32\WINMM.dll
0x00007ffefabf0000 - 0x00007ffefabfa000 	C:\windows\SYSTEM32\VERSION.dll
0x00007ffecc890000 - 0x00007ffecc899000 	C:\windows\SYSTEM32\WSOCK32.dll
0x00007fff03530000 - 0x00007fff0359b000 	C:\windows\System32\WS2_32.dll
0x00007ffefbb50000 - 0x00007ffefbb5f000 	D:\jdk\jre\bin\verify.dll
0x00007ffee6090000 - 0x00007ffee60b9000 	D:\jdk\jre\bin\java.dll
0x00007ffef9a40000 - 0x00007ffef9a63000 	D:\jdk\jre\bin\instrument.dll
0x00007ffef80c0000 - 0x00007ffef80d6000 	D:\jdk\jre\bin\zip.dll
0x00007fff03950000 - 0x00007fff04092000 	C:\windows\System32\SHELL32.dll
0x00007ffeffcc0000 - 0x00007fff00455000 	C:\windows\SYSTEM32\windows.storage.dll
0x00007fff027f0000 - 0x00007fff02b46000 	C:\windows\System32\combase.dll
0x00007fff01600000 - 0x00007fff0162c000 	C:\windows\SYSTEM32\Wldp.dll
0x00007fff04280000 - 0x00007fff0432e000 	C:\windows\System32\SHCORE.dll
0x00007fff04390000 - 0x00007fff043e5000 	C:\windows\System32\shlwapi.dll
0x00007fff01ac0000 - 0x00007fff01ae6000 	C:\windows\SYSTEM32\profapi.dll
0x00000000027b0000 - 0x00000000027b3000 	D:\jdk\jre\bin\api-ms-win-core-console-l1-1-0.dll
0x0000000002d10000 - 0x0000000002d13000 	D:\jdk\jre\bin\api-ms-win-core-datetime-l1-1-0.dll
0x000000001fd80000 - 0x000000001fd83000 	D:\jdk\jre\bin\api-ms-win-core-debug-l1-1-0.dll
0x000000001fd90000 - 0x000000001fd93000 	D:\jdk\jre\bin\api-ms-win-core-errorhandling-l1-1-0.dll
0x000000001fda0000 - 0x000000001fda4000 	D:\jdk\jre\bin\api-ms-win-core-file-l1-1-0.dll
0x000000001fdb0000 - 0x000000001fdb3000 	D:\jdk\jre\bin\api-ms-win-core-file-l1-2-0.dll
0x000000001fdc0000 - 0x000000001fdc3000 	D:\jdk\jre\bin\api-ms-win-core-file-l2-1-0.dll
0x000000001fdd0000 - 0x000000001fdd3000 	D:\jdk\jre\bin\api-ms-win-core-handle-l1-1-0.dll
0x000000001fde0000 - 0x000000001fde3000 	D:\jdk\jre\bin\api-ms-win-core-heap-l1-1-0.dll
0x000000001fdf0000 - 0x000000001fdf3000 	D:\jdk\jre\bin\api-ms-win-core-interlocked-l1-1-0.dll
0x000000001fe00000 - 0x000000001fe03000 	D:\jdk\jre\bin\api-ms-win-core-libraryloader-l1-1-0.dll
0x000000001fe10000 - 0x000000001fe13000 	D:\jdk\jre\bin\api-ms-win-core-localization-l1-2-0.dll
0x000000001fe20000 - 0x000000001fe23000 	D:\jdk\jre\bin\api-ms-win-core-memory-l1-1-0.dll
0x000000001fe30000 - 0x000000001fe33000 	D:\jdk\jre\bin\api-ms-win-core-namedpipe-l1-1-0.dll
0x000000001fe40000 - 0x000000001fe43000 	D:\jdk\jre\bin\api-ms-win-core-processenvironment-l1-1-0.dll
0x000000001fe50000 - 0x000000001fe53000 	D:\jdk\jre\bin\api-ms-win-core-processthreads-l1-1-0.dll
0x000000001fe60000 - 0x000000001fe63000 	D:\jdk\jre\bin\api-ms-win-core-processthreads-l1-1-1.dll
0x000000001fe70000 - 0x000000001fe73000 	D:\jdk\jre\bin\api-ms-win-core-profile-l1-1-0.dll
0x000000001fe80000 - 0x000000001fe83000 	D:\jdk\jre\bin\api-ms-win-core-rtlsupport-l1-1-0.dll
0x000000001fe90000 - 0x000000001fe93000 	D:\jdk\jre\bin\api-ms-win-core-string-l1-1-0.dll
0x000000001fea0000 - 0x000000001fea3000 	D:\jdk\jre\bin\api-ms-win-core-synch-l1-1-0.dll
0x000000001feb0000 - 0x000000001feb3000 	D:\jdk\jre\bin\api-ms-win-core-synch-l1-2-0.dll
0x000000001fec0000 - 0x000000001fec3000 	D:\jdk\jre\bin\api-ms-win-core-sysinfo-l1-1-0.dll
0x000000001fed0000 - 0x000000001fed3000 	D:\jdk\jre\bin\api-ms-win-core-timezone-l1-1-0.dll
0x000000001fee0000 - 0x000000001fee3000 	D:\jdk\jre\bin\api-ms-win-core-util-l1-1-0.dll
0x000000001fef0000 - 0x000000001fef3000 	D:\jdk\jre\bin\api-ms-win-crt-conio-l1-1-0.dll
0x000000001ff00000 - 0x000000001ff04000 	D:\jdk\jre\bin\api-ms-win-crt-convert-l1-1-0.dll
0x000000001ff10000 - 0x000000001ff13000 	D:\jdk\jre\bin\api-ms-win-crt-environment-l1-1-0.dll
0x000000001ff20000 - 0x000000001ff23000 	D:\jdk\jre\bin\api-ms-win-crt-filesystem-l1-1-0.dll
0x000000001ff30000 - 0x000000001ff33000 	D:\jdk\jre\bin\api-ms-win-crt-heap-l1-1-0.dll
0x000000001ff40000 - 0x000000001ff43000 	D:\jdk\jre\bin\api-ms-win-crt-locale-l1-1-0.dll
0x000000001ff50000 - 0x000000001ff55000 	D:\jdk\jre\bin\api-ms-win-crt-math-l1-1-0.dll
0x000000001ff60000 - 0x000000001ff65000 	D:\jdk\jre\bin\api-ms-win-crt-multibyte-l1-1-0.dll
0x000000001ff70000 - 0x000000001ff80000 	D:\jdk\jre\bin\api-ms-win-crt-private-l1-1-0.dll
0x000000001ff80000 - 0x000000001ff83000 	D:\jdk\jre\bin\api-ms-win-crt-process-l1-1-0.dll
0x000000001ff90000 - 0x000000001ff94000 	D:\jdk\jre\bin\api-ms-win-crt-runtime-l1-1-0.dll
0x000000001ffa0000 - 0x000000001ffa4000 	D:\jdk\jre\bin\api-ms-win-crt-stdio-l1-1-0.dll
0x000000001ffb0000 - 0x000000001ffb4000 	D:\jdk\jre\bin\api-ms-win-crt-string-l1-1-0.dll
0x000000001ffc0000 - 0x000000001ffc3000 	D:\jdk\jre\bin\api-ms-win-crt-time-l1-1-0.dll
0x000000001ffd0000 - 0x000000001ffd3000 	D:\jdk\jre\bin\api-ms-win-crt-utility-l1-1-0.dll
0x00007ffee0320000 - 0x00007ffee0416000 	D:\jdk\jre\bin\ucrtbase.dll
0x00007ffefe150000 - 0x00007ffefe166000 	D:\jdk\jre\bin\vcruntime140.dll
0x00007ffed3ce0000 - 0x00007ffed3d7c000 	D:\jdk\jre\bin\msvcp140.dll
0x00007ffee7900000 - 0x00007ffee7951000 	D:\jdk\jre\bin\concrt140.dll
0x00007ffef9860000 - 0x00007ffef9883000 	D:\jdk\jre\bin\prism_d3d.dll
0x00007ffef9d50000 - 0x00007ffef9f1f000 	C:\windows\system32\d3d9.dll
0x00007fff004a0000 - 0x00007fff004b2000 	C:\windows\SYSTEM32\kernel.appcore.dll
0x00007ffeff450000 - 0x00007ffeff47f000 	C:\windows\SYSTEM32\dwmapi.dll
0x00007ffefe760000 - 0x00007ffefe7fe000 	C:\windows\system32\uxtheme.dll
0x00007ffef9be0000 - 0x00007ffef9d45000 	C:\windows\System32\DriverStore\FileRepository\iigd_dch.inf_amd64_6ce565ec54103c62\igdumdim64.dll
0x00007fff035a0000 - 0x00007fff036ca000 	C:\windows\System32\ole32.dll
0x00007ffebedd0000 - 0x00007ffec35cd000 	C:\windows\System32\DriverStore\FileRepository\iigd_dch.inf_amd64_6ce565ec54103c62\igd9dxva64.dll
0x00007fff03300000 - 0x00007fff033cd000 	C:\windows\System32\OLEAUT32.dll
0x00007fff02bb0000 - 0x00007fff03017000 	C:\windows\System32\SETUPAPI.dll
0x00007fff01bf0000 - 0x00007fff01c3e000 	C:\windows\System32\cfgmgr32.dll
0x00007fff02330000 - 0x00007fff02357000 	C:\windows\System32\bcrypt.dll
0x00007ffef1bf0000 - 0x00007ffef1e47000 	C:\windows\System32\DriverStore\FileRepository\iigd_dch.inf_amd64_6ce565ec54103c62\igdgmm64.dll
0x00007ffee6040000 - 0x00007ffee6089000 	D:\jdk\jre\bin\glass.dll
0x00007fff02520000 - 0x00007fff025fb000 	C:\windows\System32\COMDLG32.dll
0x00007fff03830000 - 0x00007fff03946000 	C:\windows\System32\MSCTF.dll
0x00007fff02050000 - 0x00007fff020d0000 	C:\windows\System32\bcryptPrimitives.dll
0x00007ffefb8e0000 - 0x00007ffefb907000 	C:\windows\System32\DriverStore\FileRepository\iigd_dch.inf_amd64_6ce565ec54103c62\igdinfo64.dll
0x00007ffeee4b0000 - 0x00007ffef10c9000 	C:\windows\System32\DriverStore\FileRepository\iigd_dch.inf_amd64_6ce565ec54103c62\igc64.dll
0x00007ffef3a30000 - 0x00007ffef3a6b000 	C:\windows\SYSTEM32\dxcore.dll
0x00007ffefbd40000 - 0x00007ffefbd54000 	D:\jdk\jre\bin\javafx_font.dll
0x00007ffee9780000 - 0x00007ffee99ff000 	C:\windows\SYSTEM32\dwrite.dll
0x00007fff02600000 - 0x00007fff026a9000 	C:\windows\System32\clbcatq.dll
0x00007ffef7c00000 - 0x00007ffef7db4000 	C:\windows\SYSTEM32\WindowsCodecs.dll
0x00007ffed6490000 - 0x00007ffed64ce000 	C:\windows\system32\dataexchange.dll
0x00007ffefc7b0000 - 0x00007ffefca14000 	C:\windows\system32\d3d11.dll
0x00007ffefd760000 - 0x00007ffefd947000 	C:\windows\system32\dcomp.dll
0x00007fff004e0000 - 0x00007fff005d3000 	C:\windows\system32\dxgi.dll
0x00007ffef8440000 - 0x00007ffef8648000 	C:\windows\system32\twinapi.appcore.dll
0x00007ffee7890000 - 0x00007ffee78c4000 	C:\Program Files\Common Files\Microsoft Shared\Ink\rtscom.dll
0x00007ffeeb050000 - 0x00007ffeeb14d000 	C:\windows\SYSTEM32\textinputframework.dll
0x00007ffefe360000 - 0x00007ffefe452000 	C:\windows\System32\CoreMessaging.dll
0x00007ffefda50000 - 0x00007ffefddae000 	C:\windows\System32\CoreUIComponents.dll
0x00007ffefc570000 - 0x00007ffefc6c6000 	C:\windows\SYSTEM32\wintypes.dll
0x00007fff008d0000 - 0x00007fff00903000 	C:\windows\SYSTEM32\ntmarta.dll
0x00007ffefb2c0000 - 0x00007ffefb2d2000 	D:\jdk\jre\bin\prism_common.dll
0x00007ffefce80000 - 0x00007ffefd440000 	C:\windows\SYSTEM32\d2d1.dll
0x00007ffef46e0000 - 0x00007ffef4dd6000 	C:\windows\SYSTEM32\D3D10Warp.dll
0x00007ffeeb590000 - 0x00007ffeeb5aa000 	D:\jdk\jre\bin\net.dll
0x00007fff01380000 - 0x00007fff013ea000 	C:\windows\system32\mswsock.dll
0x0000000180000000 - 0x0000000180025000 	D:\jdk\jre\bin\rxtxSerial.dll
0x00007ffef9a20000 - 0x00007ffef9a2d000 	D:\jdk\jre\bin\management.dll
0x00007ffed7160000 - 0x00007ffed7177000 	C:\windows\system32\napinsp.dll
0x00007ffed7120000 - 0x00007ffed713b000 	C:\windows\system32\pnrpnsp.dll
0x00007ffefbee0000 - 0x00007ffefbef5000 	C:\windows\system32\wshbth.dll
0x00007ffefe290000 - 0x00007ffefe2ad000 	C:\windows\system32\NLAapi.dll
0x00007fff01020000 - 0x00007fff0105b000 	C:\windows\SYSTEM32\IPHLPAPI.DLL
0x00007fff01060000 - 0x00007fff0112b000 	C:\windows\SYSTEM32\DNSAPI.dll
0x00007fff024b0000 - 0x00007fff024b8000 	C:\windows\System32\NSI.dll
0x00007ffed7100000 - 0x00007ffed7112000 	C:\windows\System32\winrnr.dll

VM Arguments:
jvm_args: -javaagent:C:\Users\EDZ\.m2\repository\org\jetbrains\kotlinx\kotlinx-coroutines-core\1.3.7\kotlinx-coroutines-core-1.3.7.jar -Dfile.encoding=UTF-8 -Duser.country=CN -Duser.language=zh -Duser.variant -ea 
java_command: com.example.demo.app.MainAppKt
java_class_path (initial): D:\IdeaProjects\Test\test_tools\build\classes\java\main;D:\IdeaProjects\Test\test_tools\build\classes\kotlin\main;D:\IdeaProjects\Test\test_tools\build\resources\main;D:\IdeaProjects\Test\base_core\build\libs\base_core.jar;C:\Users\EDZ\.gradle\caches\modules-2\files-2.1\no.tornado\tornadofx-controlsfx\0.1\5216250d3e4c1fccacdd775deb42d4e0ef083049\tornadofx-controlsfx-0.1.jar;C:\Users\EDZ\.gradle\caches\modules-2\files-2.1\no.tornado\tornadofx\1.7.20\6987fca136c08884e12a43e55eeb3cdf404d1177\tornadofx-1.7.20.jar;C:\Users\EDZ\.gradle\caches\modules-2\files-2.1\org.jetbrains.kotlin\kotlin-stdlib-jdk8\1.3.72\916d54b9eb6442b615e6f1488978f551c0674720\kotlin-stdlib-jdk8-1.3.72.jar;C:\Users\EDZ\.m2\repository\org\jetbrains\kotlinx\kotlinx-coroutines-core\1.3.7\kotlinx-coroutines-core-1.3.7.jar;C:\Users\EDZ\.gradle\caches\modules-2\files-2.1\com.alibaba\fastjson\1.2.73\db7da6dcbd7d97876d626aa79775711fc0dc8cd1\fastjson-1.2.73.jar;C:\Users\EDZ\.gradle\caches\modules-2\files-2.1\org.apache.logging.log4j\log4j-core\2.14.0\e257b0562453f73eabac1bc3181ba33e79d193ed\log4j-core-2.14.0.jar;C:\Users\EDZ\.gradle\caches\modules-2\files-2.1\org.apache.logging.log4j\log4j-api\2.14.0\23cdb2c6babad9b2b0dcf47c6a2c29d504e4c7a8\log4j-api-2.14.0.jar;C:\Users\EDZ\.gradle\caches\modules-2\files-2.1\org.bidib.jbidib.org.qbang.rxtx\rxtxcomm\2.2\7e0db5d666d8d15db2fd3086509e67b6bf0930f8\rxtxcomm-2.2.jar;C:\Users\EDZ\.gradle\caches\modules-2\files-2.1\com.github.daytron\SimpleDialogFX\2.2.0\be1df20bb79c4f550d48feeec9e6c01b7904ac58\SimpleDialogFX-2.2.0.jar;C:\Users\EDZ\.gradle\caches\modules-2\files-2.1\com.google.code.gson\gson\2.8.5\f645ed69d595b24d4cf8b3fbb64cc505bede8829\gson-2.8.5.jar;C:\Users\EDZ\.gradle\caches\modules-2\files-2.1\net.sf.jmimemagic\jmimemagic\0.1.5\578173de87352d7b589fdb8f3648b5b8e112f7a0\jmimemagic-0.1.5.jar;C:\Users\EDZ\.gradle\caches\modules-2\files-2.1\io.datafx\flow\8.0.1\eb5efe930962872fd9f27c7c751b806ab3965bca\flow-8.0.1.jar;C:\Users\EDZ\.gradle\c
Launcher Type: SUN_STANDARD

Environment Variables:
JAVA_HOME=D:\jdk
PATH=C:\windows\system32;C:\windows;C:\windows\System32\Wbem;C:\windows\System32\WindowsPowerShell\v1.0\;C:\windows\System32\OpenSSH\;D:\jdk\bin;D:\jdk\jre\bin;C:\Program Files\Git\cmd;C:\Program Files\TortoiseGit\bin;D:\android\platform-tools;C:\Users\EDZ\AppData\Local\Microsoft\WindowsApps;
USERNAME=EDZ
OS=Windows_NT
PROCESSOR_IDENTIFIER=Intel64 Family 6 Model 142 Stepping 12, GenuineIntel



---------------  S Y S T E M  ---------------

OS: Windows 10.0 , 64 bit Build 19041 (10.0.19041.662)

CPU:total 8 (initial active 8) (4 cores per cpu, 2 threads per core) family 6 model 142 stepping 12, cmov, cx8, fxsr, mmx, sse, sse2, sse3, ssse3, sse4.1, sse4.2, popcnt, avx, avx2, aes, clmul, erms, 3dnowpref, lzcnt, ht, tsc, tscinvbit, bmi1, bmi2, adx

Memory: 4k page, physical 16595576k(7332584k free), swap 22362744k(10232484k free)

vm_info: Java HotSpot(TM) 64-Bit Server VM (25.202-b03) for windows-amd64 JRE (1.8.0_202-ea-b03), built on Nov  7 2018 11:03:55 by "java_re" with MS VC++ 10.0 (VS2010)

time: Fri Dec 18 18:39:08 2020
timezone: 中国标准时间
elapsed time: 588 seconds (0d 0h 9m 48s)

